<?xml version="1.0" encoding="UTF-8"?>
<!-- Generated by org.testng.reporters.JUnitXMLReporter -->
<testsuite hostname="PF00WYQS" name="Test" tests="1" failures="1" timestamp="18 Jun 2019 09:20:54 GMT" time="18.423" errors="0">
  <testcase name="f" time="18.397" classname="com.webpp.SpeechTest">
    <failure type="java.lang.Error" message="Unable to load voice directory. java.lang.ClassNotFoundException: com.sun.speech.freetts.en.us.cmu_us_kal.KevinVoiceDirectory">
      <![CDATA[java.lang.Error: Unable to load voice directory. java.lang.ClassNotFoundException: com.sun.speech.freetts.en.us.cmu_us_kal.KevinVoiceDirectory
	at com.sun.speech.freetts.VoiceManager.getVoiceDirectories(VoiceManager.java:205)
	at com.sun.speech.freetts.VoiceManager.getVoices(VoiceManager.java:103)
	at com.sun.speech.freetts.jsapi.FreeTTSEngineCentral.createEngineList(FreeTTSEngineCentral.java:94)
	at javax.speech.Central.availableSynthesizers(Central.java:660)
	at javax.speech.Central.createSynthesizer(Central.java:553)
	at com.webpp.SpeechTest.f(SpeechTest.java:34)
... Removed 24 stack frames]]>
    </failure>
  </testcase> <!-- f -->
</testsuite> <!-- Test -->
