<?xml version="1.0" encoding="UTF-8" ?>
<testsuite tests="5" failures="1" name="TestSuite" time="140.137" errors="0" skipped="4">
  <properties>
[...]
</properties>
  <testcase classname="com.webpp.TestUpload" name="startBrowser" time="70.068">
    <failure message="Unable to locate element: #photo
For documentation on this error, please visit: https://www.seleniumhq.org/exceptions/no_such_element.html
Build info: version: &apos;3.141.59&apos;, revision: &apos;e82be7d358&apos;, time: &apos;2018-11-14T08:17:03&apos;
System info: host: &apos;PF00WYQS&apos;, ip: &apos;192.168.43.144&apos;, os.name: &apos;Windows 7&apos;, os.arch: &apos;amd64&apos;, os.version: &apos;6.1&apos;, java.version: &apos;1.8.0_25&apos;
Driver info: org.openqa.selenium.firefox.FirefoxDriver
Capabilities {acceptInsecureCerts: true, browserName: firefox, browserVersion: 67.0.2, javascriptEnabled: true, moz:accessibilityChecks: false, moz:buildID: 20190607204818, moz:geckodriverVersion: 0.24.0, moz:headless: false, moz:processID: 7268, moz:profile: C:\Users\gkokz\AppData\Loca..., moz:shutdownTimeout: 60000, moz:useNonSpecCompliantPointerOrigin: false, moz:webdriverClick: true, pageLoadStrategy: normal, platform: WINDOWS, platformName: WINDOWS, platformVersion: 6.1, rotatable: false, setWindowRect: true, strictFileInteractability: false, timeouts: {implicit: 0, pageLoad: 300000, script: 30000}, unhandledPromptBehavior: dismiss and notify}
Session ID: cdfc6e78-3fa8-425c-8749-0855b0dd933c
*** Element info: {Using=id, value=photo}" type="org.openqa.selenium.NoSuchElementException">org.openqa.selenium.NoSuchElementException: Unable to locate element: #photo
For documentation on this error, please visit: https://www.seleniumhq.org/exceptions/no_such_element.html
Build info: version: &apos;3.141.59&apos;, revision: &apos;e82be7d358&apos;, time: &apos;2018-11-14T08:17:03&apos;
System info: host: &apos;PF00WYQS&apos;, ip: &apos;192.168.43.144&apos;, os.name: &apos;Windows 7&apos;, os.arch: &apos;amd64&apos;, os.version: &apos;6.1&apos;, java.version: &apos;1.8.0_25&apos;
Driver info: org.openqa.selenium.firefox.FirefoxDriver
Capabilities {acceptInsecureCerts: true, browserName: firefox, browserVersion: 67.0.2, javascriptEnabled: true, moz:accessibilityChecks: false, moz:buildID: 20190607204818, moz:geckodriverVersion: 0.24.0, moz:headless: false, moz:processID: 7268, moz:profile: C:\Users\gkokz\AppData\Loca..., moz:shutdownTimeout: 60000, moz:useNonSpecCompliantPointerOrigin: false, moz:webdriverClick: true, pageLoadStrategy: normal, platform: WINDOWS, platformName: WINDOWS, platformVersion: 6.1, rotatable: false, setWindowRect: true, strictFileInteractability: false, timeouts: {implicit: 0, pageLoad: 300000, script: 30000}, unhandledPromptBehavior: dismiss and notify}
Session ID: cdfc6e78-3fa8-425c-8749-0855b0dd933c
*** Element info: {Using=id, value=photo}
	at sun.reflect.NativeConstructorAccessorImpl.newInstance0(Native Method)
	at sun.reflect.NativeConstructorAccessorImpl.newInstance(NativeConstructorAccessorImpl.java:62)
	at sun.reflect.DelegatingConstructorAccessorImpl.newInstance(DelegatingConstructorAccessorImpl.java:45)
	at java.lang.reflect.Constructor.newInstance(Constructor.java:408)
	at org.openqa.selenium.remote.http.W3CHttpResponseCodec.createException(W3CHttpResponseCodec.java:187)
	at org.openqa.selenium.remote.http.W3CHttpResponseCodec.decode(W3CHttpResponseCodec.java:122)
	at org.openqa.selenium.remote.http.W3CHttpResponseCodec.decode(W3CHttpResponseCodec.java:49)
	at org.openqa.selenium.remote.HttpCommandExecutor.execute(HttpCommandExecutor.java:158)
	at org.openqa.selenium.remote.service.DriverCommandExecutor.execute(DriverCommandExecutor.java:83)
	at org.openqa.selenium.remote.RemoteWebDriver.execute(RemoteWebDriver.java:552)
	at org.openqa.selenium.remote.RemoteWebDriver.findElement(RemoteWebDriver.java:323)
	at org.openqa.selenium.remote.RemoteWebDriver.findElementById(RemoteWebDriver.java:372)
	at org.openqa.selenium.By$ById.findElement(By.java:188)
	at org.openqa.selenium.remote.RemoteWebDriver.findElement(RemoteWebDriver.java:315)
	at com.webpp.TestUpload.startBrowser(TestUpload.java:56)
</failure>
    <system-out>Configuring TestNG with: org.apache.maven.surefire.testng.conf.TestNG652Configurator@6f75e721
90
</system-out>
    <system-err>Jun 18, 2019 12:44:47 PM org.openqa.selenium.remote.DesiredCapabilities firefox
INFO: Using `new FirefoxOptions()` is preferred to `DesiredCapabilities.firefox()`
1560842089360	mozrunner::runner	INFO	Running command: &quot;C:\\Program Files\\Mozilla Firefox\\firefox.exe&quot; &quot;-marionette&quot; &quot;-foreground&quot; &quot;-no-remote&quot; &quot;-profile&quot; &quot;C:\\Users\\gkokz\\AppData\\Local\\Temp\\rust_mozprofile.Frgl5fqgS9oX&quot;
1560842093417	addons.webextension.screenshots@mozilla.org	WARN	Loading extension &apos;screenshots@mozilla.org&apos;: Reading manifest: Invalid extension permission: mozillaAddons
1560842093418	addons.webextension.screenshots@mozilla.org	WARN	Loading extension &apos;screenshots@mozilla.org&apos;: Reading manifest: Invalid extension permission: resource://pdf.js/
1560842093418	addons.webextension.screenshots@mozilla.org	WARN	Loading extension &apos;screenshots@mozilla.org&apos;: Reading manifest: Invalid extension permission: about:reader*
[Parent 7268, Gecko_IOThread] WARNING: pipe error: 109: file z:/task_1559936101/build/src/ipc/chromium/src/chrome/common/ipc_channel_win.cc, line 341
1560842111832	Marionette	INFO	Listening on port 56492
[Child 8248, Chrome_ChildThread] WARNING: pipe error: 109: file z:/task_1559936101/build/src/ipc/chromium/src/chrome/common/ipc_channel_win.cc, line 341
[Child 8248, Chrome_ChildThread] WARNING: pipe error: 109: file z:/task_1559936101/build/src/ipc/chromium/src/chrome/common/ipc_channel_win.cc, line 341
[Parent 7268, Gecko_IOThread] WARNING: file z:/task_1559936101/build/src/ipc/chromium/src/base/process_util_win.cc, line 160
1560842112423	Marionette	WARN	TLS certificate errors will be ignored for this session
Jun 18, 2019 12:45:12 PM org.openqa.selenium.remote.ProtocolHandshake createSession
INFO: Detected dialect: W3C
</system-err>
  </testcase>
  <testcase classname="com.webpp.TestUpload" name="startBrowser" time="70.069">
    <skipped/>
  </testcase>
  <testcase classname="com.webpp.SpeechTest" name="f" time="0">
    <skipped/>
  </testcase>
  <testcase classname="com.webpp.Test99GuruLogin" name="test_Home_Page_Appear_Correct" time="0">
    <skipped/>
  </testcase>
  <testcase classname="com.webpp.TestLinkedinLoginPage" name="g" time="0">
    <skipped/>
  </testcase>
</testsuite>