<?xml version="1.0" encoding="UTF-8"?>
<testng-results skipped="0" failed="0" total="1" passed="1">
  <reporter-output>
  </reporter-output>
  <suite name="Suite" duration-ms="64555" started-at="2019-06-21T09:05:49Z" finished-at="2019-06-21T09:06:53Z">
    <groups>
    </groups>
    <test name="Test" duration-ms="64555" started-at="2019-06-21T09:05:49Z" finished-at="2019-06-21T09:06:53Z">
      <class name="com.Appium.ProfileChecking">
        <test-method status="PASS" signature="first()[pri:0, instance:com.Appium.ProfileChecking@370736d9]" name="first" duration-ms="64523" started-at="2019-06-21T14:35:49Z" finished-at="2019-06-21T14:36:53Z">
          <reporter-output>
          </reporter-output>
        </test-method> <!-- first -->
      </class> <!-- com.Appium.ProfileChecking -->
    </test> <!-- Test -->
  </suite> <!-- Suite -->
</testng-results>
